<?xml version="1.0" encoding="UTF-8"?>
<!-- Generated by org.testng.reporters.JUnitReportReporter -->
<testsuite hostname="user25" failures="0" tests="3" name="testScripts.PlaceOrderTest" time="1.186" errors="0" timestamp="2024-11-17T15:52:30 IST" skipped="0">
  <testcase classname="testScripts.PlaceOrderTest" name="addItemTest" time="0.315"/>
  <system-out/>
  <testcase classname="testScripts.PlaceOrderTest" name="checkOut" time="0.156"/>
  <system-out/>
  <testcase classname="testScripts.PlaceOrderTest" name="isCheckOutDetailsEntered" time="0.715"/>
  <system-out/>
</testsuite> <!-- testScripts.PlaceOrderTest -->
